In file included from ../lib/kerberos.h:9:0,
                 from ../lib/kerberos.cc:1:
../../nan/nan.h:261:25: error: redefinition of ‘template<class T> v8::Local<T> _NanEnsureLocal(v8::Local<T>)’
 NAN_INLINE v8::Local<T> _NanEnsureLocal(v8::Local<T> val) {
                         ^
../../nan/nan.h:256:25: note: ‘template<class T> v8::Local<T> _NanEnsureLocal(v8::Handle<T>)’ previously declared here
 NAN_INLINE v8::Local<T> _NanEnsureLocal(v8::Handle<T> val) {
                         ^
../../nan/nan.h:661:13: error: ‘node::smalloc’ has not been declared
     , node::smalloc::FreeCallback callback
             ^
../../nan/nan.h:661:35: error: expected ‘,’ or ‘...’ before ‘callback’
     , node::smalloc::FreeCallback callback
                                   ^
../../nan/nan.h: In function ‘v8::Local<v8::Object> NanNewBufferHandle(char*, size_t, int)’:
../../nan/nan.h:665:50: error: ‘callback’ was not declared in this scope
         v8::Isolate::GetCurrent(), data, length, callback, hint);
                                                  ^
../../nan/nan.h:665:60: error: ‘hint’ was not declared in this scope
         v8::Isolate::GetCurrent(), data, length, callback, hint);
                                                            ^
../../nan/nan.h: In function ‘v8::Local<v8::Object> NanNewBufferHandle(const char*, uint32_t)’:
../../nan/nan.h:672:67: error: no matching function for call to ‘New(v8::Isolate*, const char*&, uint32_t&)’
     return node::Buffer::New(v8::Isolate::GetCurrent(), data, size);
                                                                   ^
In file included from ../../nan/nan.h:25:0,
                 from ../lib/kerberos.h:9,
                 from ../lib/kerberos.cc:1:
/usr/include/nodejs/src/node_buffer.h:31:40: note: candidate: v8::MaybeLocal<v8::Object> node::Buffer::New(v8::Isolate*, v8::Local<v8::String>, node::encoding) <near match>
 NODE_EXTERN v8::MaybeLocal<v8::Object> New(v8::Isolate* isolate,
                                        ^
/usr/include/nodejs/src/node_buffer.h:31:40: note:   conversion of argument 3 would be ill-formed:
In file included from ../lib/kerberos.h:9:0,
                 from ../lib/kerberos.cc:1:
../../nan/nan.h:672:67: error: invalid conversion from ‘uint32_t {aka unsigned int}’ to ‘node::encoding’ [-fpermissive]
     return node::Buffer::New(v8::Isolate::GetCurrent(), data, size);
                                                                   ^
In file included from ../../nan/nan.h:25:0,
                 from ../lib/kerberos.h:9,
                 from ../lib/kerberos.cc:1:
/usr/include/nodejs/src/node_buffer.h:43:40: note: candidate: v8::MaybeLocal<v8::Object> node::Buffer::New(v8::Isolate*, char*, size_t) <near match>
 NODE_EXTERN v8::MaybeLocal<v8::Object> New(v8::Isolate* isolate,
                                        ^
/usr/include/nodejs/src/node_buffer.h:43:40: note:   conversion of argument 2 would be ill-formed:
In file included from ../lib/kerberos.h:9:0,
                 from ../lib/kerberos.cc:1:
../../nan/nan.h:672:67: error: invalid conversion from ‘const char*’ to ‘char*’ [-fpermissive]
     return node::Buffer::New(v8::Isolate::GetCurrent(), data, size);
                                                                   ^
../../nan/nan.h: In function ‘v8::Local<v8::Object> NanNewBufferHandle(uint32_t)’:
../../nan/nan.h:676:29: error: could not convert ‘node::Buffer::New(v8::Isolate::GetCurrent(), ((size_t)size))’ from ‘v8::MaybeLocal<v8::Object>’ to ‘v8::Local<v8::Object>’
     return node::Buffer::New(v8::Isolate::GetCurrent(), size);
                             ^
../../nan/nan.h: In function ‘v8::Local<v8::Object> NanBufferUse(char*, uint32_t)’:
../../nan/nan.h:683:12: error: ‘Use’ is not a member of ‘node::Buffer’
     return node::Buffer::Use(v8::Isolate::GetCurrent(), data, size);
            ^
../lib/kerberos.cc: In static member function ‘static void Kerberos::After(uv_work_t*)’:
../lib/kerberos.cc:557:37: warning: ‘void node::FatalException(const v8::TryCatch&)’ is deprecated: Use FatalException(isolate, ...) [-Wdeprecated-declarations]
       node::FatalException(try_catch);
                                     ^
In file included from ../lib/kerberos.h:4:0,
                 from ../lib/kerberos.cc:1:
/usr/include/nodejs/src/node.h:283:29: note: declared here
                 inline void FatalException(const v8::TryCatch& try_catch) {
                             ^
/usr/include/nodejs/src/node.h:66:42: note: in definition of macro ‘NODE_DEPRECATED’
     __attribute__((deprecated(message))) declarator
                                          ^
../lib/kerberos.cc:576:37: warning: ‘void node::FatalException(const v8::TryCatch&)’ is deprecated: Use FatalException(isolate, ...) [-Wdeprecated-declarations]
       node::FatalException(try_catch);
                                     ^
In file included from ../lib/kerberos.h:4:0,
                 from ../lib/kerberos.cc:1:
/usr/include/nodejs/src/node.h:283:29: note: declared here
                 inline void FatalException(const v8::TryCatch& try_catch) {
                             ^
/usr/include/nodejs/src/node.h:66:42: note: in definition of macro ‘NODE_DEPRECATED’
     __attribute__((deprecated(message))) declarator
                                          ^
make: *** [Release/obj.target/kerberos/lib/kerberos.o] Error 1
gyp ERR! build error 
gyp ERR! stack Error: `make` failed with exit code: 2
gyp ERR! stack     at ChildProcess.onExit (/usr/share/node-gyp/lib/build.js:269:23)
gyp ERR! stack     at emitTwo (events.js:87:13)
gyp ERR! stack     at ChildProcess.emit (events.js:172:7)
gyp ERR! stack     at Process.ChildProcess._handle.onexit (internal/child_process.js:200:12)
gyp ERR! System Linux 4.13.0-32-generic
gyp ERR! command "/usr/bin/nodejs" "/usr/bin/node-gyp" "rebuild"
gyp ERR! cwd /home/ryan/Documents/LightningFuturesExchange/client/node_modules/kerberos
gyp ERR! node -v v4.2.6
gyp ERR! node-gyp -v v3.0.3
gyp ERR! not ok 
